1616342194066	mozrunner::runner	INFO	Running command: "C:\\Program Files\\Mozilla Firefox\\firefox.exe" "-marionette" "-foreground" "-no-remote" "-profile" "C:\\Users\\esanapa\\AppData\\Local\\Temp\\rust_mozprofile.6TVKlpuHFfav"
JavaScript error: resource://gre/modules/XULStore.jsm, line 66: Error: Can't find profile directory.
1616342197183	Marionette	INFO	Listening on port 54739
1616342197228	Marionette	WARN	TLS certificate errors will be ignored for this session
Extension error: TypeError: documentTitleResponse is undefined moz-extension://dc4c5498-5ce8-41eb-a67f-f720d6776a81/background.js 11601
[[Exception stack
this.AternityExtension.background</TabsMonitoring.prototype.scheduleUpdateDocumentTitleInFrames/<@moz-extension://dc4c5498-5ce8-41eb-a67f-f720d6776a81/background.js:11601:17
sendMessageToTab/<@moz-extension://dc4c5498-5ce8-41eb-a67f-f720d6776a81/background.js:3777:24
Current stack
applySafeWithoutClone@resource://gre/modules/ExtensionCommon.jsm:622:13
wrapPromise/<@resource://gre/modules/ExtensionCommon.jsm:829:22
]]
Extension error: TypeError: documentTitleResponse is undefined moz-extension://dc4c5498-5ce8-41eb-a67f-f720d6776a81/background.js 11601
[[Exception stack
this.AternityExtension.background</TabsMonitoring.prototype.scheduleUpdateDocumentTitleInFrames/<@moz-extension://dc4c5498-5ce8-41eb-a67f-f720d6776a81/background.js:11601:17
sendMessageToTab/<@moz-extension://dc4c5498-5ce8-41eb-a67f-f720d6776a81/background.js:3777:24
Current stack
applySafeWithoutClone@resource://gre/modules/ExtensionCommon.jsm:622:13
wrapPromise/<@resource://gre/modules/ExtensionCommon.jsm:829:22
]]
Extension error: TypeError: documentTitleResponse is undefined moz-extension://dc4c5498-5ce8-41eb-a67f-f720d6776a81/background.js 11601
[[Exception stack
this.AternityExtension.background</TabsMonitoring.prototype.scheduleUpdateDocumentTitleInFrames/<@moz-extension://dc4c5498-5ce8-41eb-a67f-f720d6776a81/background.js:11601:17
sendMessageToTab/<@moz-extension://dc4c5498-5ce8-41eb-a67f-f720d6776a81/background.js:3777:24
Current stack
applySafeWithoutClone@resource://gre/modules/ExtensionCommon.jsm:622:13
wrapPromise/<@resource://gre/modules/ExtensionCommon.jsm:829:22
]]
JavaScript error: resource://gre/actors/PictureInPictureChild.jsm, line 569: TypeError: this.contentWindow is null
Extension error: TypeError: documentTitleResponse is undefined moz-extension://dc4c5498-5ce8-41eb-a67f-f720d6776a81/background.js 11601
[[Exception stack
this.AternityExtension.background</TabsMonitoring.prototype.scheduleUpdateDocumentTitleInFrames/<@moz-extension://dc4c5498-5ce8-41eb-a67f-f720d6776a81/background.js:11601:17
sendMessageToTab/<@moz-extension://dc4c5498-5ce8-41eb-a67f-f720d6776a81/background.js:3777:24
Current stack
applySafeWithoutClone@resource://gre/modules/ExtensionCommon.jsm:622:13
wrapPromise/<@resource://gre/modules/ExtensionCommon.jsm:829:22
]]
Extension error: TypeError: documentTitleResponse is undefined moz-extension://dc4c5498-5ce8-41eb-a67f-f720d6776a81/background.js 11601
[[Exception stack
this.AternityExtension.background</TabsMonitoring.prototype.scheduleUpdateDocumentTitleInFrames/<@moz-extension://dc4c5498-5ce8-41eb-a67f-f720d6776a81/background.js:11601:17
sendMessageToTab/<@moz-extension://dc4c5498-5ce8-41eb-a67f-f720d6776a81/background.js:3777:24
Current stack
applySafeWithoutClone@resource://gre/modules/ExtensionCommon.jsm:622:13
wrapPromise/<@resource://gre/modules/ExtensionCommon.jsm:829:22
]]
JavaScript error: https://magento.com/sites/default/files8/js/optimized/js_6PLu4riE-2dcDQ5QPzuCrl_1JQZAazd43aQw_AQJYoY.MCC6N0i77U9I5vT__eAxvlhWqW3_GnTjR2969C9__zc.js?qq857f, line 9: TypeError: id is undefined
1616342247069	Marionette	INFO	Stopped listening on port 54739

###!!! [Child][RunMessage] Error: Channel closing: too late to send/recv, messages will be lost

uts/gecko/dom/media/AudioStream.cpp:681
JavaScript error: https://fast.wistia.com/assets/external/E-v1.js, line 1: Error: POST https://pipedream.wistia.com/mput?topic=metrics - Got an unsuccessful status code: 0. 
JavaScript error: resource://activity-stream/lib/PersonalityProvider/PersonalityProvider.jsm, line 84: TypeError: http://%(server)s/dummy/blocklist// is not a valid URL.
JavaScript error: resource://activity-stream/lib/PersonalityProvider/PersonalityProvider.jsm, line 84: TypeError: http://%(server)s/dummy/blocklist// is not a valid URL.
JavaScript error: resource://activity-stream/lib/PersonalityProvider/PersonalityProvider.jsm, line 84: TypeError: http://%(server)s/dummy/blocklist// is not a valid URL.
JavaScript error: resource://activity-stream/lib/PersonalityProvider/PersonalityProvider.jsm, line 84: TypeError: http://%(server)s/dummy/blocklist// is not a valid URL.
JavaScript error: resource://activity-stream/lib/PersonalityProvider/PersonalityProvider.jsm, line 84: TypeError: http://%(server)s/dummy/blocklist// is not a valid URL.
JavaScript error: , line 0: AbortError: Actor 'Conduits' destroyed before query 'RunListener' was resolved
JavaScript error: , line 0: AbortError: Actor 'Conduits' destroyed before query 'RunListener' was resolved
JavaScript error: , line 0: AbortError: Actor 'Conduits' destroyed before query 'RunListener' was resolved
1616342123274	Marionette	INFO	Stopped listening on port 63822

###!!! [Child][RunMessage] Error: Channel closing: too late to send/recv, messages will be lost

